TN:
SF:src/app/app.component.ts
FN:117,constructor
FNF:1
FNH:0
FNDA:0,constructor
DA:113,0
DA:114,0
DA:115,0
DA:118,0
LF:4
LH:0
BRF:0
BRH:0
end_of_record
TN:
SF:src/app/app.config.ts
FNF:0
FNH:0
DA:10,0
LF:1
LH:0
BRF:0
BRH:0
end_of_record
TN:
SF:src/app/app.routes.ts
FN:7,(anonymous_0)
FN:7,(anonymous_1)
FN:11,(anonymous_2)
FN:11,(anonymous_3)
FN:15,(anonymous_4)
FN:15,(anonymous_5)
FN:19,(anonymous_6)
FN:19,(anonymous_7)
FN:23,(anonymous_8)
FN:23,(anonymous_9)
FN:27,(anonymous_10)
FN:27,(anonymous_11)
FN:31,(anonymous_12)
FN:31,(anonymous_13)
FN:35,(anonymous_14)
FN:35,(anonymous_15)
FN:39,(anonymous_16)
FN:39,(anonymous_17)
FN:43,(anonymous_18)
FN:43,(anonymous_19)
FN:47,(anonymous_20)
FN:47,(anonymous_21)
FN:51,(anonymous_22)
FN:51,(anonymous_23)
FN:55,(anonymous_24)
FN:55,(anonymous_25)
FNF:26
FNH:0
FNDA:0,(anonymous_0)
FNDA:0,(anonymous_1)
FNDA:0,(anonymous_2)
FNDA:0,(anonymous_3)
FNDA:0,(anonymous_4)
FNDA:0,(anonymous_5)
FNDA:0,(anonymous_6)
FNDA:0,(anonymous_7)
FNDA:0,(anonymous_8)
FNDA:0,(anonymous_9)
FNDA:0,(anonymous_10)
FNDA:0,(anonymous_11)
FNDA:0,(anonymous_12)
FNDA:0,(anonymous_13)
FNDA:0,(anonymous_14)
FNDA:0,(anonymous_15)
FNDA:0,(anonymous_16)
FNDA:0,(anonymous_17)
FNDA:0,(anonymous_18)
FNDA:0,(anonymous_19)
FNDA:0,(anonymous_20)
FNDA:0,(anonymous_21)
FNDA:0,(anonymous_22)
FNDA:0,(anonymous_23)
FNDA:0,(anonymous_24)
FNDA:0,(anonymous_25)
DA:3,0
DA:7,0
DA:11,0
DA:15,0
DA:19,0
DA:23,0
DA:27,0
DA:31,0
DA:35,0
DA:39,0
DA:43,0
DA:47,0
DA:51,0
DA:55,0
LF:14
LH:0
BRF:0
BRH:0
end_of_record
TN:
SF:src/app/core/cache/cache.service.ts
FN:9,constructor
FN:13,get
FN:23,set
FN:27,invalidate
FNF:4
FNH:4
FNDA:9,constructor
FNDA:9,get
FNDA:8,set
FNDA:2,invalidate
DA:9,18
DA:10,9
DA:11,9
DA:14,9
DA:15,9
DA:16,4
DA:17,1
DA:18,1
DA:20,3
DA:24,8
DA:28,2
DA:29,1
DA:30,3
LF:13
LH:13
BRDA:15,0,0,5
BRDA:15,0,1,4
BRDA:16,1,0,1
BRDA:16,1,1,3
BRDA:23,2,0,8
BRDA:28,3,0,1
BRDA:28,3,1,1
BRDA:30,4,0,2
BRDA:30,4,1,1
BRF:9
BRH:9
end_of_record
TN:
SF:src/app/core/interceptors/error.interceptor.ts
FN:6,(anonymous_0)
FN:10,(anonymous_1)
FN:13,(anonymous_2)
FNF:3
FNH:0
FNDA:0,(anonymous_0)
FNDA:0,(anonymous_1)
FNDA:0,(anonymous_2)
DA:6,0
DA:7,0
DA:9,0
DA:11,0
DA:12,0
DA:13,0
LF:6
LH:0
BRDA:11,0,0,0
BRDA:11,0,1,0
BRDA:11,0,2,0
BRF:3
BRH:0
end_of_record
TN:
SF:src/app/core/services/api.service.ts
FN:12,constructor
FN:30,(anonymous_1)
FN:16,resource
FN:18,(anonymous_3)
FN:21,(anonymous_4)
FN:26,invalidate
FN:33,getProvider
FN:37,createProvider
FN:39,(anonymous_8)
FN:43,updateProvider
FN:45,(anonymous_10)
FN:49,deleteProvider
FN:51,(anonymous_12)
FN:55,testConnection
FN:59,getBranches
FN:65,createMergeRequest
FN:69,getHistory
FN:71,(anonymous_17)
FN:75,getHistoryList
FN:80,buildHistoryQuery
FN:89,getHistoryItem
FN:93,getHistoryStats
FN:97,deleteHistory
FN:99,(anonymous_23)
FN:103,getTemplates
FN:104,(anonymous_25)
FN:108,getTemplate
FN:112,createTemplate
FN:114,(anonymous_28)
FN:118,updateTemplate
FN:120,(anonymous_30)
FN:124,deleteTemplate
FN:126,(anonymous_32)
FN:130,getSettings
FN:131,(anonymous_34)
FN:135,saveSettings
FN:137,(anonymous_36)
FN:141,getStorageType
FN:145,getLogFiles
FN:149,getLogContent
FN:153,deleteLogs
FN:157,getHealth
FNF:42
FNH:33
FNDA:25,constructor
FNDA:0,(anonymous_1)
FNDA:25,resource
FNDA:0,(anonymous_3)
FNDA:0,(anonymous_4)
FNDA:8,invalidate
FNDA:1,getProvider
FNDA:1,createProvider
FNDA:1,(anonymous_8)
FNDA:1,updateProvider
FNDA:1,(anonymous_10)
FNDA:1,deleteProvider
FNDA:1,(anonymous_12)
FNDA:1,testConnection
FNDA:2,getBranches
FNDA:1,createMergeRequest
FNDA:0,getHistory
FNDA:0,(anonymous_17)
FNDA:1,getHistoryList
FNDA:1,buildHistoryQuery
FNDA:1,getHistoryItem
FNDA:1,getHistoryStats
FNDA:1,deleteHistory
FNDA:1,(anonymous_23)
FNDA:0,getTemplates
FNDA:0,(anonymous_25)
FNDA:1,getTemplate
FNDA:1,createTemplate
FNDA:1,(anonymous_28)
FNDA:1,updateTemplate
FNDA:1,(anonymous_30)
FNDA:1,deleteTemplate
FNDA:1,(anonymous_32)
FNDA:0,getSettings
FNDA:0,(anonymous_34)
FNDA:1,saveSettings
FNDA:1,(anonymous_36)
FNDA:1,getStorageType
FNDA:1,getLogFiles
FNDA:1,getLogContent
FNDA:1,deleteLogs
FNDA:1,getHealth
DA:12,17
DA:13,25
DA:14,25
DA:17,25
DA:19,0
DA:20,0
DA:21,0
DA:27,8
DA:30,25
DA:31,0
DA:34,1
DA:38,1
DA:39,1
DA:44,1
DA:45,1
DA:50,1
DA:51,1
DA:56,1
DA:60,2
DA:61,2
DA:62,2
DA:66,1
DA:70,0
DA:71,0
DA:72,0
DA:76,1
DA:77,1
DA:81,1
DA:82,1
DA:83,1
DA:84,1
DA:85,1
DA:86,1
DA:90,1
DA:94,1
DA:98,1
DA:99,1
DA:104,0
DA:105,0
DA:109,1
DA:113,1
DA:114,1
DA:119,1
DA:120,1
DA:125,1
DA:126,1
DA:131,0
DA:132,0
DA:136,1
DA:137,1
DA:142,1
DA:146,1
DA:150,1
DA:154,1
DA:158,1
LF:55
LH:44
BRDA:20,0,0,0
BRDA:20,0,1,0
BRDA:61,1,0,1
BRDA:61,1,1,1
BRDA:82,2,0,1
BRDA:82,2,1,0
BRDA:83,3,0,1
BRDA:83,3,1,0
BRDA:84,4,0,0
BRDA:84,4,1,1
BRDA:85,5,0,0
BRDA:85,5,1,1
BRDA:93,6,0,1
BRF:13
BRH:7
end_of_record
TN:
SF:src/app/core/services/history.service.ts
FN:8,constructor
FN:11,getList
FN:14,getItem
FN:15,deleteAll
FNF:4
FNH:4
FNDA:3,constructor
FNDA:1,getList
FNDA:1,getItem
FNDA:1,deleteAll
DA:8,2
DA:9,3
DA:12,1
DA:14,1
DA:15,1
LF:5
LH:5
BRF:0
BRH:0
end_of_record
TN:
SF:src/app/core/services/logs.service.ts
FN:6,constructor
FN:9,getFiles
FN:10,getContent
FN:11,deleteAll
FN:13,tailLog
FN:14,(anonymous_5)
FN:16,(anonymous_6)
FN:20,(anonymous_7)
FN:24,(anonymous_8)
FNF:9
FNH:9
FNDA:7,constructor
FNDA:1,getFiles
FNDA:1,getContent
FNDA:1,deleteAll
FNDA:4,tailLog
FNDA:4,(anonymous_5)
FNDA:1,(anonymous_6)
FNDA:1,(anonymous_7)
FNDA:2,(anonymous_8)
DA:6,2
DA:7,7
DA:9,1
DA:10,1
DA:11,1
DA:14,4
DA:15,4
DA:16,4
DA:17,1
DA:18,1
DA:20,4
DA:21,1
DA:22,1
DA:24,4
LF:14
LH:14
BRF:0
BRH:0
end_of_record
TN:
SF:src/app/core/services/merge-request.service.ts
FN:8,constructor
FN:11,create
FN:15,watchProgress
FN:16,(anonymous_3)
FN:18,(anonymous_4)
FN:26,(anonymous_5)
FN:30,(anonymous_6)
FNF:7
FNH:7
FNDA:5,constructor
FNDA:1,create
FNDA:4,watchProgress
FNDA:4,(anonymous_3)
FNDA:2,(anonymous_4)
FNDA:1,(anonymous_5)
FNDA:3,(anonymous_6)
DA:8,2
DA:9,5
DA:12,1
DA:16,4
DA:17,4
DA:18,4
DA:19,2
DA:20,2
DA:21,2
DA:22,1
DA:23,1
DA:26,4
DA:27,1
DA:28,1
DA:30,4
LF:15
LH:15
BRDA:21,0,0,1
BRDA:21,0,1,1
BRF:2
BRH:2
end_of_record
TN:
SF:src/app/core/services/providers.service.ts
FN:6,constructor
FN:11,refresh
FN:12,get
FN:13,create
FN:14,update
FN:15,delete
FN:16,test
FN:17,getBranches
FNF:8
FNH:8
FNDA:8,constructor
FNDA:1,refresh
FNDA:1,get
FNDA:1,create
FNDA:1,update
FNDA:1,delete
FNDA:1,test
FNDA:1,getBranches
DA:6,2
DA:7,8
DA:9,8
DA:11,1
DA:12,1
DA:13,1
DA:14,1
DA:15,1
DA:16,1
DA:18,1
LF:10
LH:10
BRF:0
BRH:0
end_of_record
TN:
SF:src/app/core/services/settings.service.ts
FN:5,constructor
FN:10,refresh
FN:11,save
FN:12,getStorageType
FNF:4
FNH:4
FNDA:4,constructor
FNDA:1,refresh
FNDA:1,save
FNDA:1,getStorageType
DA:5,2
DA:6,4
DA:8,4
DA:10,1
DA:11,1
DA:12,1
LF:6
LH:6
BRF:0
BRH:0
end_of_record
TN:
SF:src/app/core/services/templates.service.ts
FN:6,constructor
FN:11,refresh
FN:12,get
FN:13,create
FN:14,update
FN:15,delete
FNF:6
FNH:6
FNDA:6,constructor
FNDA:1,refresh
FNDA:1,get
FNDA:1,create
FNDA:1,update
FNDA:1,delete
DA:6,3
DA:7,6
DA:9,6
DA:11,1
DA:12,1
DA:13,1
DA:14,1
DA:15,1
LF:8
LH:8
BRF:0
BRH:0
end_of_record
TN:
SF:src/app/core/services/ui-settings.service.ts
FN:17,constructor
FN:27,(anonymous_1)
FN:33,(anonymous_2)
FN:41,applyTheme
FNF:4
FNH:4
FNDA:12,constructor
FNDA:10,(anonymous_1)
FNDA:12,(anonymous_2)
FNDA:12,applyTheme
DA:6,2
DA:7,2
DA:8,2
DA:11,2
DA:12,12
DA:13,12
DA:15,12
DA:18,12
DA:19,12
DA:21,12
DA:22,12
DA:24,12
DA:25,12
DA:27,12
DA:28,10
DA:29,10
DA:30,10
DA:33,12
DA:34,12
DA:35,12
DA:36,12
DA:42,12
DA:43,12
DA:44,12
DA:46,12
DA:47,12
DA:48,6
LF:27
LH:27
BRDA:18,0,0,12
BRDA:18,0,1,6
BRDA:19,1,0,12
BRDA:19,1,1,6
BRDA:43,2,0,12
BRDA:43,2,1,9
BRDA:43,2,2,0
BRDA:47,3,0,6
BRDA:47,3,1,6
BRDA:48,4,0,3
BRDA:48,4,1,3
BRF:11
BRH:10
end_of_record
TN:
SF:src/app/core/services/webhooks.service.ts
FN:6,constructor
FN:10,getEvents
FN:15,deleteEvents
FNF:3
FNH:3
FNDA:3,constructor
FNDA:2,getEvents
FNDA:1,deleteEvents
DA:6,2
DA:7,3
DA:8,3
DA:11,2
DA:12,2
DA:16,1
LF:6
LH:6
BRDA:11,0,0,1
BRDA:11,0,1,1
BRF:2
BRH:2
end_of_record
TN:
SF:src/app/pages/admin/users/users.component.ts
FNF:0
FNH:0
DA:15,1
LF:1
LH:1
BRF:0
BRH:0
end_of_record
TN:
SF:src/app/pages/browser/browser.component.ts
FN:138,constructor
FN:141,(anonymous_1)
FN:152,clearResults
FN:158,loadBranches
FN:169,(anonymous_4)
FN:174,(anonymous_5)
FNF:6
FNH:6
FNDA:5,constructor
FNDA:5,(anonymous_1)
FNDA:1,clearResults
FNDA:2,loadBranches
FNDA:1,(anonymous_4)
FNDA:1,(anonymous_5)
DA:138,1
DA:139,5
DA:141,5
DA:143,5
DA:144,5
DA:145,5
DA:147,5
DA:148,5
DA:149,5
DA:150,5
DA:153,1
DA:154,1
DA:155,1
DA:159,2
DA:160,2
DA:161,2
DA:162,2
DA:164,2
DA:165,2
DA:166,2
DA:168,2
DA:170,1
DA:171,1
DA:172,1
DA:175,1
DA:176,1
DA:177,1
LF:27
LH:27
BRDA:141,0,0,5
BRDA:141,0,1,0
BRDA:162,1,0,0
BRDA:162,1,1,2
BRDA:162,2,0,2
BRDA:162,2,1,2
BRDA:162,2,2,2
BRDA:175,3,0,1
BRDA:175,3,1,1
BRDA:175,3,2,0
BRF:10
BRH:7
end_of_record
TN:
SF:src/app/pages/dashboard/dashboard.component.ts
FN:237,constructor
FN:209,(anonymous_1)
FN:215,(anonymous_2)
FN:220,(anonymous_3)
FN:222,(anonymous_4)
FN:223,(anonymous_5)
FN:226,(anonymous_6)
FN:227,(anonymous_7)
FN:230,(anonymous_8)
FN:231,(anonymous_9)
FN:234,(anonymous_10)
FN:234,(anonymous_11)
FN:235,(anonymous_12)
FN:241,hasProviders
FN:245,loadStats
FN:248,(anonymous_15)
FN:252,ngOnDestroy
FN:256,barHeight
FN:261,pct
FNF:19
FNH:19
FNDA:6,constructor
FNDA:6,(anonymous_1)
FNDA:5,(anonymous_2)
FNDA:5,(anonymous_3)
FNDA:5,(anonymous_4)
FNDA:5,(anonymous_5)
FNDA:5,(anonymous_6)
FNDA:5,(anonymous_7)
FNDA:5,(anonymous_8)
FNDA:5,(anonymous_9)
FNDA:5,(anonymous_10)
FNDA:10,(anonymous_11)
FNDA:5,(anonymous_12)
FNDA:7,hasProviders
FNDA:7,loadStats
FNDA:7,(anonymous_15)
FNDA:6,ngOnDestroy
FNDA:13,barHeight
FNDA:38,pct
DA:205,1
DA:207,6
DA:209,6
DA:210,6
DA:212,6
DA:213,6
DA:215,6
DA:216,5
DA:217,5
DA:220,6
DA:222,6
DA:223,5
DA:226,6
DA:227,5
DA:230,6
DA:231,5
DA:234,10
DA:235,6
DA:238,6
DA:242,7
DA:246,7
DA:247,7
DA:248,7
DA:253,6
DA:257,13
DA:258,13
DA:262,38
LF:27
LH:27
BRDA:209,0,0,6
BRDA:209,0,1,0
BRDA:217,1,0,5
BRDA:217,1,1,0
BRDA:220,2,0,5
BRDA:220,2,1,0
BRDA:223,3,0,5
BRDA:223,3,1,0
BRDA:227,4,0,5
BRDA:227,4,1,0
BRDA:231,5,0,5
BRDA:231,5,1,0
BRDA:257,6,0,13
BRDA:257,6,1,0
BRDA:262,7,0,37
BRDA:262,7,1,1
BRF:16
BRH:9
end_of_record
TN:
SF:src/app/pages/history/history.component.ts
FN:217,constructor
FN:206,(anonymous_1)
FN:211,(anonymous_2)
FN:218,(anonymous_3)
FN:222,load
FN:229,(anonymous_5)
FN:236,searchChanged
FN:240,onPage
FN:246,toggleDetail
FN:254,(anonymous_9)
FN:255,(anonymous_10)
FN:259,clearAll
FN:261,(anonymous_12)
FN:268,rerun
FNF:14
FNH:10
FNDA:10,constructor
FNDA:9,(anonymous_1)
FNDA:2,(anonymous_2)
FNDA:0,(anonymous_3)
FNDA:12,load
FNDA:12,(anonymous_5)
FNDA:0,searchChanged
FNDA:1,onPage
FNDA:2,toggleDetail
FNDA:1,(anonymous_9)
FNDA:0,(anonymous_10)
FNDA:1,clearAll
FNDA:1,(anonymous_12)
FNDA:0,rerun
DA:191,1
DA:192,10
DA:193,10
DA:194,10
DA:195,10
DA:197,10
DA:198,10
DA:199,10
DA:200,10
DA:201,10
DA:202,10
DA:203,10
DA:204,10
DA:206,10
DA:207,10
DA:209,10
DA:211,10
DA:212,2
DA:213,2
DA:214,2
DA:218,10
DA:219,10
DA:223,12
DA:230,12
DA:231,12
DA:237,0
DA:241,1
DA:242,1
DA:243,1
DA:247,2
DA:248,1
DA:249,1
DA:250,1
DA:252,1
DA:253,1
DA:254,1
DA:255,0
DA:260,1
DA:261,1
DA:262,1
DA:263,1
DA:264,1
DA:269,0
LF:43
LH:40
BRDA:206,0,0,9
BRDA:206,0,1,0
BRDA:213,1,0,0
BRDA:213,1,1,2
BRDA:226,2,0,12
BRDA:226,2,1,11
BRDA:227,3,0,12
BRDA:227,3,1,12
BRDA:247,4,0,1
BRDA:247,4,1,1
BRDA:260,5,0,0
BRDA:260,5,1,1
BRF:12
BRH:9
end_of_record
TN:
SF:src/app/pages/login/login.component.ts
FNF:0
FNH:0
DA:23,1
LF:1
LH:1
BRF:0
BRH:0
end_of_record
TN:
SF:src/app/pages/logs/logs.component.ts
FN:125,constructor
FN:129,loadFiles
FN:131,(anonymous_2)
FN:135,viewFile
FN:139,(anonymous_4)
FN:140,(anonymous_5)
FN:147,toggleFollow
FN:155,startFollowing
FN:160,(anonymous_8)
FN:164,(anonymous_9)
FN:170,(anonymous_10)
FN:177,stopFollowing
FN:183,scrollToBottom
FN:184,(anonymous_13)
FN:190,downloadFile
FN:192,(anonymous_15)
FN:204,deleteFile
FN:211,deleteAll
FN:213,(anonymous_18)
FN:219,ngOnDestroy
FN:223,formatSize
FNF:21
FNH:14
FNDA:1,constructor
FNDA:9,loadFiles
FNDA:9,(anonymous_2)
FNDA:9,viewFile
FNDA:9,(anonymous_4)
FNDA:1,(anonymous_5)
FNDA:1,toggleFollow
FNDA:0,startFollowing
FNDA:1,(anonymous_8)
FNDA:1,(anonymous_9)
FNDA:0,(anonymous_10)
FNDA:1,stopFollowing
FNDA:0,scrollToBottom
FNDA:0,(anonymous_13)
FNDA:11,downloadFile
FNDA:1,(anonymous_15)
FNDA:0,deleteFile
FNDA:0,deleteAll
FNDA:0,(anonymous_18)
FNDA:1,ngOnDestroy
FNDA:1,formatSize
DA:114,1
DA:115,1
DA:116,1
DA:117,9
DA:119,9
DA:120,9
DA:121,9
DA:122,9
DA:123,9
DA:126,9
DA:130,9
DA:131,9
DA:136,9
DA:137,9
DA:138,9
DA:139,9
DA:141,1
DA:142,1
DA:148,0
DA:149,0
DA:151,0
DA:156,1
DA:157,2
DA:158,1
DA:159,1
DA:161,1
DA:162,1
DA:163,1
DA:164,1
DA:165,1
DA:166,1
DA:168,0
DA:171,0
DA:172,0
DA:178,1
DA:179,0
DA:180,0
DA:184,0
DA:185,1
DA:186,11
DA:191,1
DA:193,1
DA:194,1
DA:195,0
DA:196,0
DA:197,0
DA:198,0
DA:199,0
DA:205,0
DA:206,0
DA:207,0
DA:208,0
DA:212,0
DA:213,0
DA:214,0
DA:215,0
DA:220,1
DA:224,1
DA:225,1
DA:226,9
LF:60
LH:38
BRDA:148,0,0,0
BRDA:148,0,1,0
BRDA:157,1,0,1
BRDA:157,1,1,1
BRDA:161,2,0,1
BRDA:161,2,1,1
BRDA:163,3,0,1
BRDA:163,3,1,1
BRDA:165,4,0,1
BRDA:165,4,1,0
BRDA:186,5,0,11
BRDA:186,5,1,0
BRDA:205,6,0,0
BRDA:205,6,1,0
BRDA:212,7,0,0
BRDA:212,7,1,0
BRDA:224,8,0,1
BRDA:224,8,1,0
BRDA:225,9,0,1
BRDA:225,9,1,0
BRF:20
BRH:10
end_of_record
TN:
SF:src/app/pages/merge-request-new/merge-request-new.component.ts
FN:258,constructor
FN:256,(anonymous_1)
FN:278,(anonymous_2)
FN:298,updateForm
FN:299,(anonymous_4)
FN:304,canExecute
FN:305,(anonymous_6)
FN:312,parseBranches
FN:313,(anonymous_8)
FN:313,(anonymous_9)
FN:316,execute
FN:329,(anonymous_11)
FN:329,(anonymous_12)
FN:334,(anonymous_13)
FN:337,(anonymous_14)
FN:338,(anonymous_15)
FN:343,(anonymous_16)
FN:344,(anonymous_17)
FN:347,(anonymous_18)
FN:350,(anonymous_19)
FN:357,loadBranches
FN:362,(anonymous_21)
FN:366,(anonymous_22)
FN:373,addBranch
FN:381,copyReport
FN:383,(anonymous_25)
FN:385,(anonymous_26)
FN:387,(anonymous_27)
FN:392,saveAsTemplate
FN:407,(anonymous_29)
FN:408,(anonymous_30)
FN:412,switchToReal
FN:419,reset
FN:430,eventIcon
FN:440,ngOnDestroy
FNF:35
FNH:30
FNDA:27,constructor
FNDA:27,(anonymous_1)
FNDA:0,(anonymous_2)
FNDA:43,updateForm
FNDA:43,(anonymous_4)
FNDA:29,canExecute
FNDA:29,(anonymous_6)
FNDA:43,parseBranches
FNDA:45,(anonymous_8)
FNDA:45,(anonymous_9)
FNDA:7,execute
FNDA:6,(anonymous_11)
FNDA:6,(anonymous_12)
FNDA:5,(anonymous_13)
FNDA:2,(anonymous_14)
FNDA:2,(anonymous_15)
FNDA:0,(anonymous_16)
FNDA:0,(anonymous_17)
FNDA:0,(anonymous_18)
FNDA:1,(anonymous_19)
FNDA:3,loadBranches
FNDA:1,(anonymous_21)
FNDA:1,(anonymous_22)
FNDA:3,addBranch
FNDA:1,copyReport
FNDA:2,(anonymous_25)
FNDA:1,(anonymous_26)
FNDA:0,(anonymous_27)
FNDA:2,saveAsTemplate
FNDA:1,(anonymous_29)
FNDA:1,(anonymous_30)
FNDA:1,switchToReal
FNDA:1,reset
FNDA:5,eventIcon
FNDA:27,ngOnDestroy
DA:240,1
DA:241,27
DA:242,27
DA:243,27
DA:244,27
DA:245,27
DA:247,27
DA:248,27
DA:249,27
DA:250,27
DA:251,27
DA:252,27
DA:253,27
DA:254,27
DA:256,27
DA:259,27
DA:260,27
DA:261,27
DA:262,0
DA:263,0
DA:264,0
DA:265,0
DA:266,0
DA:267,0
DA:268,0
DA:269,0
DA:270,0
DA:271,0
DA:272,0
DA:273,0
DA:274,0
DA:278,0
DA:279,0
DA:284,27
DA:299,43
DA:302,27
DA:305,29
DA:306,29
DA:307,29
DA:308,29
DA:313,45
DA:317,7
DA:318,7
DA:319,1
DA:320,1
DA:323,6
DA:324,6
DA:325,6
DA:326,6
DA:328,6
DA:329,6
DA:330,6
DA:331,6
DA:333,7
DA:335,5
DA:336,5
DA:338,2
DA:339,2
DA:340,1
DA:344,0
DA:345,0
DA:347,0
DA:351,1
DA:352,1
DA:358,3
DA:359,3
DA:360,2
DA:361,2
DA:363,1
DA:364,1
DA:367,1
DA:368,1
DA:374,3
DA:375,3
DA:376,2
DA:377,2
DA:378,3
DA:382,1
DA:383,2
DA:385,1
DA:386,1
DA:388,0
DA:393,2
DA:394,2
DA:395,2
DA:407,1
DA:408,1
DA:413,1
DA:414,1
DA:415,1
DA:416,1
DA:420,1
DA:421,1
DA:422,1
DA:423,1
DA:424,1
DA:425,1
DA:426,1
DA:427,1
DA:431,5
DA:432,1
DA:433,1
DA:434,1
DA:435,1
DA:436,1
DA:441,27
LF:106
LH:87
BRDA:256,0,0,27
BRDA:256,0,1,0
BRDA:261,1,0,0
BRDA:261,1,1,27
BRDA:262,2,0,0
BRDA:262,2,1,0
BRDA:263,3,0,0
BRDA:263,3,1,0
BRDA:264,4,0,0
BRDA:264,4,1,0
BRDA:265,5,0,0
BRDA:265,5,1,0
BRDA:266,6,0,0
BRDA:266,6,1,0
BRDA:267,7,0,0
BRDA:267,7,1,0
BRDA:268,8,0,0
BRDA:268,8,1,0
BRDA:269,9,0,0
BRDA:269,9,1,0
BRDA:270,10,0,0
BRDA:270,10,1,0
BRDA:273,11,0,0
BRDA:273,11,1,0
BRDA:308,12,0,29
BRDA:308,12,1,1
BRDA:308,12,2,1
BRDA:308,12,3,1
BRDA:308,12,4,1
BRDA:318,13,0,1
BRDA:318,13,1,6
BRDA:331,14,0,0
BRDA:331,14,1,6
BRDA:339,15,0,1
BRDA:339,15,1,1
BRDA:359,16,0,1
BRDA:359,16,1,2
BRDA:359,17,0,3
BRDA:359,17,1,2
BRDA:359,17,2,2
BRDA:375,18,0,1
BRDA:375,18,1,2
BRDA:377,19,0,1
BRDA:377,19,1,1
BRDA:383,20,0,2
BRDA:383,20,1,0
BRDA:431,21,0,1
BRDA:431,21,1,1
BRDA:431,21,2,1
BRDA:431,21,3,1
BRDA:431,21,4,1
BRF:51
BRH:27
end_of_record
TN:
SF:src/app/pages/providers/providers.component.ts
FN:155,constructor
FN:159,(anonymous_1)
FN:170,updateForm
FN:171,(anonymous_3)
FN:174,cancelForm
FN:180,resetForm
FN:184,save
FN:196,(anonymous_7)
FN:202,(anonymous_8)
FN:206,edit
FN:212,deleteProvider
FN:214,(anonymous_11)
FN:220,testConnection
FN:224,(anonymous_13)
FN:228,(anonymous_14)
FNF:15
FNH:11
FNDA:9,constructor
FNDA:9,(anonymous_1)
FNDA:4,updateForm
FNDA:4,(anonymous_3)
FNDA:2,cancelForm
FNDA:2,resetForm
FNDA:1,save
FNDA:1,(anonymous_7)
FNDA:0,(anonymous_8)
FNDA:1,edit
FNDA:0,deleteProvider
FNDA:0,(anonymous_11)
FNDA:1,testConnection
FNDA:1,(anonymous_13)
FNDA:0,(anonymous_14)
DA:155,1
DA:156,9
DA:157,9
DA:159,9
DA:160,9
DA:161,9
DA:162,9
DA:163,9
DA:164,9
DA:166,9
DA:168,9
DA:171,4
DA:175,2
DA:176,2
DA:177,2
DA:181,2
DA:185,1
DA:186,1
DA:187,0
DA:188,0
DA:190,1
DA:191,1
DA:195,1
DA:197,1
DA:198,1
DA:199,1
DA:200,1
DA:202,0
DA:207,1
DA:208,1
DA:209,1
DA:213,0
DA:214,0
DA:215,0
DA:216,0
DA:221,1
DA:222,1
DA:223,1
DA:225,1
DA:226,1
DA:229,0
DA:230,0
LF:42
LH:33
BRDA:159,0,0,9
BRDA:159,0,1,0
BRDA:186,1,0,0
BRDA:186,1,1,1
BRDA:186,2,0,1
BRDA:186,2,1,1
BRDA:186,2,2,1
BRDA:191,3,0,0
BRDA:191,3,1,1
BRDA:213,4,0,0
BRDA:213,4,1,0
BRF:11
BRH:6
end_of_record
TN:
SF:src/app/pages/scheduler/scheduler.component.ts
FNF:0
FNH:0
DA:15,1
LF:1
LH:1
BRF:0
BRH:0
end_of_record
TN:
SF:src/app/pages/settings/settings.component.ts
FN:138,constructor
FN:140,(anonymous_1)
FN:144,(anonymous_2)
FN:147,(anonymous_3)
FN:156,saveSettings
FN:158,(anonymous_5)
FNF:6
FNH:6
FNDA:6,constructor
FNDA:6,(anonymous_1)
FNDA:6,(anonymous_2)
FNDA:12,(anonymous_3)
FNDA:1,saveSettings
FNDA:1,(anonymous_5)
DA:126,1
DA:127,6
DA:128,6
DA:129,6
DA:130,6
DA:132,6
DA:133,6
DA:134,6
DA:135,6
DA:136,6
DA:139,6
DA:140,6
DA:143,6
DA:144,6
DA:147,6
DA:148,12
DA:149,12
DA:150,6
DA:151,6
DA:157,1
DA:159,1
DA:160,1
LF:22
LH:22
BRDA:144,0,0,6
BRDA:144,0,1,0
BRDA:149,1,0,6
BRDA:149,1,1,6
BRDA:149,2,0,12
BRDA:149,2,1,12
BRDA:149,2,2,12
BRF:7
BRH:6
end_of_record
TN:
SF:src/app/pages/templates/templates.component.ts
FN:161,constructor
FN:166,(anonymous_1)
FN:167,(anonymous_2)
FN:178,updateForm
FN:179,(anonymous_4)
FN:182,openCreate
FN:189,cancelForm
FN:194,save
FN:199,(anonymous_8)
FN:207,(anonymous_9)
FN:215,editTemplate
FN:222,deleteTemplate
FN:224,(anonymous_12)
FN:230,exportTemplate
FN:240,importTemplate
FN:244,(anonymous_15)
FN:247,(anonymous_16)
FN:258,branchCount
FN:263,providerName
FN:265,(anonymous_19)
FNF:20
FNH:15
FNDA:11,constructor
FNDA:11,(anonymous_1)
FNDA:10,(anonymous_2)
FNDA:1,updateForm
FNDA:1,(anonymous_4)
FNDA:1,openCreate
FNDA:2,cancelForm
FNDA:1,save
FNDA:0,(anonymous_8)
FNDA:1,(anonymous_9)
FNDA:1,editTemplate
FNDA:1,deleteTemplate
FNDA:1,(anonymous_12)
FNDA:0,exportTemplate
FNDA:0,importTemplate
FNDA:0,(anonymous_15)
FNDA:0,(anonymous_16)
FNDA:12,branchCount
FNDA:13,providerName
FNDA:12,(anonymous_19)
DA:161,1
DA:162,11
DA:163,11
DA:164,11
DA:166,11
DA:167,11
DA:168,11
DA:169,11
DA:170,11
DA:172,11
DA:179,1
DA:183,1
DA:184,1
DA:185,1
DA:186,1
DA:190,2
DA:191,2
DA:195,1
DA:196,1
DA:197,1
DA:199,0
DA:202,1
DA:206,1
DA:208,1
DA:209,1
DA:210,1
DA:216,1
DA:217,1
DA:218,1
DA:219,1
DA:223,1
DA:224,1
DA:225,1
DA:226,1
DA:231,0
DA:232,0
DA:233,0
DA:234,0
DA:235,0
DA:236,0
DA:237,0
DA:241,0
DA:242,0
DA:243,0
DA:244,0
DA:245,0
DA:246,0
DA:247,0
DA:248,0
DA:249,0
DA:252,0
DA:255,0
DA:259,12
DA:260,12
DA:264,13
DA:265,12
LF:56
LH:37
BRDA:166,0,0,11
BRDA:166,0,1,0
BRDA:167,1,0,10
BRDA:167,1,1,0
BRDA:199,2,0,0
BRDA:199,2,1,1
BRDA:202,3,0,0
BRDA:202,3,1,1
BRDA:218,4,0,1
BRDA:218,4,1,0
BRDA:223,5,0,0
BRDA:223,5,1,1
BRDA:242,6,0,0
BRDA:242,6,1,0
BRDA:259,7,0,0
BRDA:259,7,1,12
BRDA:264,8,0,1
BRDA:264,8,1,12
BRDA:265,9,0,12
BRDA:265,9,1,1
BRF:20
BRH:11
end_of_record
TN:
SF:src/app/pages/webhooks/webhooks.component.ts
FN:132,constructor
FN:136,loadEvents
FN:140,(anonymous_2)
FN:144,(anonymous_3)
FN:151,refresh
FN:155,togglePayload
FN:159,formatPayload
FN:167,clearAll
FN:170,(anonymous_8)
FN:174,(anonymous_9)
FNF:10
FNH:6
FNDA:9,constructor
FNDA:9,loadEvents
FNDA:8,(anonymous_2)
FNDA:1,(anonymous_3)
FNDA:0,refresh
FNDA:2,togglePayload
FNDA:2,formatPayload
FNDA:0,clearAll
FNDA:0,(anonymous_8)
FNDA:0,(anonymous_9)
DA:123,1
DA:124,9
DA:125,9
DA:127,9
DA:128,9
DA:129,9
DA:130,9
DA:133,9
DA:137,9
DA:138,9
DA:139,9
DA:141,8
DA:142,8
DA:145,1
DA:146,1
DA:152,0
DA:156,2
DA:160,2
DA:161,2
DA:163,1
DA:168,0
DA:169,0
DA:171,0
DA:172,0
DA:175,0
LF:25
LH:19
BRDA:145,0,0,1
BRDA:145,0,1,0
BRDA:156,1,0,1
BRDA:156,1,1,1
BRDA:168,2,0,0
BRDA:168,2,1,0
BRDA:175,3,0,0
BRDA:175,3,1,0
BRF:8
BRH:3
end_of_record
TN:
SF:src/app/pages/wizard/wizard.component.ts
FNF:0
FNH:0
DA:23,1
LF:1
LH:1
BRF:0
BRH:0
end_of_record
TN:
SF:src/app/shared/components/empty-state/empty-state.component.ts
FN:23,constructor
FNF:1
FNH:1
FNDA:23,constructor
DA:23,10
DA:24,23
DA:25,23
DA:26,23
LF:4
LH:4
BRF:0
BRH:0
end_of_record
TN:
SF:src/app/shared/pipes/time-ago.pipe.ts
FN:5,transform
FNF:1
FNH:1
FNDA:20,transform
DA:4,3
DA:6,20
DA:7,20
DA:8,20
DA:9,20
DA:10,20
DA:11,5
DA:12,5
DA:13,3
DA:14,3
DA:15,2
DA:16,2
DA:17,1
LF:13
LH:13
BRDA:7,0,0,15
BRDA:7,0,1,5
BRDA:10,1,0,15
BRDA:10,1,1,5
BRDA:12,2,0,2
BRDA:12,2,1,3
BRDA:14,3,0,1
BRDA:14,3,1,2
BRDA:16,4,0,1
BRDA:16,4,1,1
BRF:10
BRH:10
end_of_record
